Using pre-set license
Built from '2020.3/staging' branch; Version is '2020.3.8f1 (507919d4fff5) revision 5273881'; Using compiler version '192528614'; Build Type 'Release'
OS: 'Windows 10 Pro; OS build 19042.1237; Version 2009; 64bit' Language: 'tr' Physical Memory: 8111 MB
BatchMode: 1, IsHumanControllingUs: 0, StartBugReporterOnCrash: 0, Is64bit: 1, IsPro: 0

 COMMAND LINE ARGUMENTS:
C:\Program Files\Unity\Hub\Editor\2020.3.8f1\Editor\Unity.exe
-adb2
-batchMode
-noUpm
-name
AssetImportWorker0
-projectPath
C:/Users/firat/Desktop/Unity3d-Course/Mario-2D
-logFile
Logs/AssetImportWorker0.log
-srvPort
54618
Successfully changed project path to: C:/Users/firat/Desktop/Unity3d-Course/Mario-2D
C:/Users/firat/Desktop/Unity3d-Course/Mario-2D
Using Asset Import Pipeline V2.
Refreshing native plugins compatible for Editor in 39.96 ms, found 1 plugins.
Preloading 0 native plugins for Editor in 0.00 ms.
Initialize engine version: 2020.3.8f1 (507919d4fff5)
[Subsystems] Discovering subsystems at path C:/Program Files/Unity/Hub/Editor/2020.3.8f1/Editor/Data/Resources/UnitySubsystems
[Subsystems] Discovering subsystems at path C:/Users/firat/Desktop/Unity3d-Course/Mario-2D/Assets
GfxDevice: creating device client; threaded=0
Direct3D:
    Version:  Direct3D 11.0 [level 11.0]
    Renderer: NVIDIA GeForce GTX 950M (ID=0x139a)
    Vendor:   
    VRAM:     2010 MB
    Driver:   30.0.14.7196
Initialize mono
Mono path[0] = 'C:/Program Files/Unity/Hub/Editor/2020.3.8f1/Editor/Data/Managed'
Mono path[1] = 'C:/Program Files/Unity/Hub/Editor/2020.3.8f1/Editor/Data/MonoBleedingEdge/lib/mono/unityjit'
Mono config path = 'C:/Program Files/Unity/Hub/Editor/2020.3.8f1/Editor/Data/MonoBleedingEdge/etc'
Using monoOptions --debugger-agent=transport=dt_socket,embedding=1,server=y,suspend=n,address=127.0.0.1:56384
Begin MonoManager ReloadAssembly
Registering precompiled unity dll's ...
Register platform support module: C:/Program Files/Unity/Hub/Editor/2020.3.8f1/Editor/Data/PlaybackEngines/WebGLSupport/UnityEditor.WebGL.Extensions.dll
Register platform support module: C:/Program Files/Unity/Hub/Editor/2020.3.8f1/Editor/Data/PlaybackEngines/WindowsStandaloneSupport/UnityEditor.WindowsStandalone.Extensions.dll
Registered in 0.002522 seconds.
Native extension for WindowsStandalone target not found
Native extension for WebGL target not found
Refreshing native plugins compatible for Editor in 40.56 ms, found 1 plugins.
Preloading 0 native plugins for Editor in 0.00 ms.
Mono: successfully reloaded assembly
- Completed reload, in  2.644 seconds
Platform modules already initialized, skipping
Registering precompiled user dll's ...
Registered in 0.001247 seconds.
Begin MonoManager ReloadAssembly
Native extension for WindowsStandalone target not found
Native extension for WebGL target not found
Refreshing native plugins compatible for Editor in 39.31 ms, found 1 plugins.
Preloading 0 native plugins for Editor in 0.00 ms.
Mono: successfully reloaded assembly
- Completed reload, in  1.415 seconds
Platform modules already initialized, skipping
========================================================================
Worker process is ready to serve import requests
Launched and connected shader compiler UnityShaderCompiler.exe after 0.07 seconds
Refreshing native plugins compatible for Editor in 0.53 ms, found 1 plugins.
Preloading 0 native plugins for Editor in 0.00 ms.
Unloading 1811 Unused Serialized files (Serialized files now loaded: 0)
System memory in use before: 85.0 MB.
System memory in use after: 85.0 MB.

Unloading 24 unused Assets to reduce memory usage. Loaded Objects now: 2254.
Total: 2.825600 ms (FindLiveObjects: 0.316100 ms CreateObjectMapping: 0.092000 ms MarkObjects: 2.248400 ms  DeleteObjects: 0.168000 ms)

========================================================================
Received Import Request.
  path: Assets/Script/EnemyScript/SnailScript.cs
  artifactKey: Guid(4c1d9c9f75dd8354f9d584270e63a343) Importer(815301076,1909f56bfc062723c751e8b465ee728b)
Start importing Assets/Script/EnemyScript/SnailScript.cs using Guid(4c1d9c9f75dd8354f9d584270e63a343) Importer(815301076,1909f56bfc062723c751e8b465ee728b)  -> (artifact id: 'bebc86e5564e0227407fdc9eccf313e8') in 0.138346 seconds
  Import took 0.155740 seconds .

========================================================================
Received Import Request.
  Time since last request: 288.653442 seconds.
  path: ProjectSettings/TagManager.asset
  artifactKey: Guid(00000000000000003000000000000000) Importer(815301076,1909f56bfc062723c751e8b465ee728b)
Start importing ProjectSettings/TagManager.asset using Guid(00000000000000003000000000000000) Importer(815301076,1909f56bfc062723c751e8b465ee728b)  -> (artifact id: '1fbfb1d918ae6e9ab017f5a8a65a293c') in 0.033209 seconds
  Import took 0.038350 seconds .

========================================================================
Received Import Request.
  Time since last request: 0.001439 seconds.
  path: ProjectSettings/TagManager.asset
  artifactKey: Guid(00000000000000003000000000000000) Importer(815301076,1909f56bfc062723c751e8b465ee728b)
Start importing ProjectSettings/TagManager.asset using Guid(00000000000000003000000000000000) Importer(815301076,1909f56bfc062723c751e8b465ee728b)  -> (artifact id: '1fbfb1d918ae6e9ab017f5a8a65a293c') in 0.006087 seconds
  Import took 0.009432 seconds .

========================================================================
Received Import Request.
  Time since last request: 644.672820 seconds.
  path: Assets/Animation/beetle_0.controller
  artifactKey: Guid(690ac482efa90124b9d4400372cd75a7) Importer(815301076,1909f56bfc062723c751e8b465ee728b)
Start importing Assets/Animation/beetle_0.controller using Guid(690ac482efa90124b9d4400372cd75a7) Importer(815301076,1909f56bfc062723c751e8b465ee728b)  -> (artifact id: '886f868c692e0601f98076b15e60f391') in 0.016815 seconds
  Import took 0.030535 seconds .

========================================================================
Received Import Request.
  Time since last request: 0.007285 seconds.
  path: Assets/Animation/beetle_0.controller
  artifactKey: Guid(690ac482efa90124b9d4400372cd75a7) Importer(815301076,1909f56bfc062723c751e8b465ee728b)
Start importing Assets/Animation/beetle_0.controller using Guid(690ac482efa90124b9d4400372cd75a7) Importer(815301076,1909f56bfc062723c751e8b465ee728b)  -> (artifact id: '886f868c692e0601f98076b15e60f391') in 0.023707 seconds
  Import took 0.029192 seconds .

========================================================================
Received Prepare
Registering precompiled user dll's ...
Registered in 0.001118 seconds.
Begin MonoManager ReloadAssembly
Native extension for WindowsStandalone target not found
Native extension for WebGL target not found
Refreshing native plugins compatible for Editor in 0.42 ms, found 1 plugins.
Preloading 0 native plugins for Editor in 0.00 ms.
Mono: successfully reloaded assembly
- Completed reload, in  1.166 seconds
Platform modules already initialized, skipping
Refreshing native plugins compatible for Editor in 0.78 ms, found 1 plugins.
Preloading 0 native plugins for Editor in 0.00 ms.
Unloading 1806 Unused Serialized files (Serialized files now loaded: 0)
System memory in use before: 85.0 MB.
System memory in use after: 85.0 MB.

Unloading 14 unused Assets to reduce memory usage. Loaded Objects now: 2258.
Total: 4.636400 ms (FindLiveObjects: 0.373900 ms CreateObjectMapping: 0.170500 ms MarkObjects: 3.863300 ms  DeleteObjects: 0.226600 ms)

========================================================================
Received Prepare
Registering precompiled user dll's ...
Registered in 0.001125 seconds.
Begin MonoManager ReloadAssembly
Native extension for WindowsStandalone target not found
Native extension for WebGL target not found
Refreshing native plugins compatible for Editor in 0.59 ms, found 1 plugins.
Preloading 0 native plugins for Editor in 0.00 ms.
Mono: successfully reloaded assembly
- Completed reload, in  1.295 seconds
Platform modules already initialized, skipping
Refreshing native plugins compatible for Editor in 0.45 ms, found 1 plugins.
Preloading 0 native plugins for Editor in 0.00 ms.
Unloading 1806 Unused Serialized files (Serialized files now loaded: 0)
System memory in use before: 85.0 MB.
System memory in use after: 85.0 MB.

Unloading 12 unused Assets to reduce memory usage. Loaded Objects now: 2262.
Total: 2.533300 ms (FindLiveObjects: 0.245100 ms CreateObjectMapping: 0.095400 ms MarkObjects: 2.058300 ms  DeleteObjects: 0.133400 ms)

========================================================================
Received Prepare
Registering precompiled user dll's ...
Registered in 0.001188 seconds.
Begin MonoManager ReloadAssembly
Native extension for WindowsStandalone target not found
Native extension for WebGL target not found
Refreshing native plugins compatible for Editor in 0.41 ms, found 1 plugins.
Preloading 0 native plugins for Editor in 0.00 ms.
Mono: successfully reloaded assembly
- Completed reload, in  1.100 seconds
Platform modules already initialized, skipping
Refreshing native plugins compatible for Editor in 0.41 ms, found 1 plugins.
Preloading 0 native plugins for Editor in 0.00 ms.
Unloading 1806 Unused Serialized files (Serialized files now loaded: 0)
System memory in use before: 85.0 MB.
System memory in use after: 85.0 MB.

Unloading 12 unused Assets to reduce memory usage. Loaded Objects now: 2266.
Total: 2.537200 ms (FindLiveObjects: 0.201200 ms CreateObjectMapping: 0.078400 ms MarkObjects: 2.131700 ms  DeleteObjects: 0.124900 ms)

========================================================================
Received Prepare
Registering precompiled user dll's ...
Registered in 0.001334 seconds.
Begin MonoManager ReloadAssembly
Native extension for WindowsStandalone target not found
Native extension for WebGL target not found
Refreshing native plugins compatible for Editor in 0.43 ms, found 1 plugins.
Preloading 0 native plugins for Editor in 0.00 ms.
Mono: successfully reloaded assembly
- Completed reload, in  1.119 seconds
Platform modules already initialized, skipping
Refreshing native plugins compatible for Editor in 0.41 ms, found 1 plugins.
Preloading 0 native plugins for Editor in 0.00 ms.
Unloading 1806 Unused Serialized files (Serialized files now loaded: 0)
System memory in use before: 85.1 MB.
System memory in use after: 85.0 MB.

Unloading 12 unused Assets to reduce memory usage. Loaded Objects now: 2270.
Total: 2.466100 ms (FindLiveObjects: 0.232700 ms CreateObjectMapping: 0.094200 ms MarkObjects: 1.994200 ms  DeleteObjects: 0.143900 ms)

========================================================================
Received Prepare
Registering precompiled user dll's ...
Registered in 0.001096 seconds.
Begin MonoManager ReloadAssembly
Native extension for WindowsStandalone target not found
Native extension for WebGL target not found
Refreshing native plugins compatible for Editor in 0.43 ms, found 1 plugins.
Preloading 0 native plugins for Editor in 0.00 ms.
Mono: successfully reloaded assembly
- Completed reload, in  1.087 seconds
Platform modules already initialized, skipping
Refreshing native plugins compatible for Editor in 0.47 ms, found 1 plugins.
Preloading 0 native plugins for Editor in 0.00 ms.
Unloading 1806 Unused Serialized files (Serialized files now loaded: 0)
System memory in use before: 85.1 MB.
System memory in use after: 85.0 MB.

Unloading 12 unused Assets to reduce memory usage. Loaded Objects now: 2274.
Total: 2.249400 ms (FindLiveObjects: 0.179900 ms CreateObjectMapping: 0.077300 ms MarkObjects: 1.876700 ms  DeleteObjects: 0.114300 ms)

========================================================================
Received Prepare
Registering precompiled user dll's ...
Registered in 0.001151 seconds.
Begin MonoManager ReloadAssembly
Native extension for WindowsStandalone target not found
Native extension for WebGL target not found
Refreshing native plugins compatible for Editor in 0.44 ms, found 1 plugins.
Preloading 0 native plugins for Editor in 0.00 ms.
Mono: successfully reloaded assembly
- Completed reload, in  1.085 seconds
Platform modules already initialized, skipping
Refreshing native plugins compatible for Editor in 0.45 ms, found 1 plugins.
Preloading 0 native plugins for Editor in 0.00 ms.
Unloading 1806 Unused Serialized files (Serialized files now loaded: 0)
System memory in use before: 85.1 MB.
System memory in use after: 85.1 MB.

Unloading 12 unused Assets to reduce memory usage. Loaded Objects now: 2278.
Total: 2.549800 ms (FindLiveObjects: 0.230400 ms CreateObjectMapping: 0.073600 ms MarkObjects: 2.110300 ms  DeleteObjects: 0.131200 ms)

========================================================================
Received Prepare
Registering precompiled user dll's ...
Registered in 0.001640 seconds.
Begin MonoManager ReloadAssembly
Native extension for WindowsStandalone target not found
Native extension for WebGL target not found
Refreshing native plugins compatible for Editor in 0.42 ms, found 1 plugins.
Preloading 0 native plugins for Editor in 0.00 ms.
Mono: successfully reloaded assembly
- Completed reload, in  1.131 seconds
Platform modules already initialized, skipping
Refreshing native plugins compatible for Editor in 0.46 ms, found 1 plugins.
Preloading 0 native plugins for Editor in 0.00 ms.
Unloading 1806 Unused Serialized files (Serialized files now loaded: 0)
System memory in use before: 85.1 MB.
System memory in use after: 85.1 MB.

Unloading 12 unused Assets to reduce memory usage. Loaded Objects now: 2282.
Total: 2.985600 ms (FindLiveObjects: 0.256100 ms CreateObjectMapping: 0.080300 ms MarkObjects: 2.511000 ms  DeleteObjects: 0.136600 ms)

========================================================================
Received Prepare
Registering precompiled user dll's ...
Registered in 0.001151 seconds.
Begin MonoManager ReloadAssembly
Native extension for WindowsStandalone target not found
Native extension for WebGL target not found
Refreshing native plugins compatible for Editor in 0.38 ms, found 1 plugins.
Preloading 0 native plugins for Editor in 0.00 ms.
Mono: successfully reloaded assembly
- Completed reload, in  1.188 seconds
Platform modules already initialized, skipping
Refreshing native plugins compatible for Editor in 0.45 ms, found 1 plugins.
Preloading 0 native plugins for Editor in 0.00 ms.
Unloading 1806 Unused Serialized files (Serialized files now loaded: 0)
System memory in use before: 85.1 MB.
System memory in use after: 85.1 MB.

Unloading 12 unused Assets to reduce memory usage. Loaded Objects now: 2286.
Total: 2.532700 ms (FindLiveObjects: 0.227400 ms CreateObjectMapping: 0.076500 ms MarkObjects: 2.099000 ms  DeleteObjects: 0.128600 ms)

========================================================================
Received Import Request.
  Time since last request: 2839.252736 seconds.
  path: Assets/Sprites/Objects
  artifactKey: Guid(c6e106c05b31f5547962acab3a68bfba) Importer(815301076,1909f56bfc062723c751e8b465ee728b)
Start importing Assets/Sprites/Objects using Guid(c6e106c05b31f5547962acab3a68bfba) Importer(815301076,1909f56bfc062723c751e8b465ee728b)  -> (artifact id: '4b20a51ca7bb167263cc303ddf9f58df') in 0.027152 seconds
  Import took 0.043212 seconds .

========================================================================
Received Import Request.
  Time since last request: 70.109079 seconds.
  path: Assets/Sprites/Objects/flame_bullet.png
  artifactKey: Guid(020d8f5579a6b49b9815e01109854f6d) Importer(815301076,1909f56bfc062723c751e8b465ee728b)
Start importing Assets/Sprites/Objects/flame_bullet.png using Guid(020d8f5579a6b49b9815e01109854f6d) Importer(815301076,1909f56bfc062723c751e8b465ee728b)  -> (artifact id: '1a01d37a6dbbc9826f47010c71ab760b') in 0.606890 seconds
  Import took 0.627287 seconds .

========================================================================
Received Import Request.
  Time since last request: 158.136178 seconds.
  path: Assets/Animation/flame_bullet_1.controller
  artifactKey: Guid(bccd3670c6572a14f8bfb2f907df1278) Importer(815301076,1909f56bfc062723c751e8b465ee728b)
Start importing Assets/Animation/flame_bullet_1.controller using Guid(bccd3670c6572a14f8bfb2f907df1278) Importer(815301076,1909f56bfc062723c751e8b465ee728b)  -> (artifact id: '490b61d796911a3b3e439e97a7510014') in 0.018607 seconds
  Import took 0.055143 seconds .

========================================================================
Received Import Request.
  Time since last request: 240.216450 seconds.
  path: Assets/PlayerPrefab/Player.prefab
  artifactKey: Guid(cc068b3ca91b46842be029e25933e5ce) Importer(815301076,1909f56bfc062723c751e8b465ee728b)
Start importing Assets/PlayerPrefab/Player.prefab using Guid(cc068b3ca91b46842be029e25933e5ce) Importer(815301076,1909f56bfc062723c751e8b465ee728b)  -> (artifact id: '6fdc5b64a5773d89ec92e4d3b9350ebc') in 0.449460 seconds
  Import took 0.470424 seconds .

========================================================================
Received Import Request.
  Time since last request: 2.297350 seconds.
  path: Assets/PlayerPrefab/Bullet.prefab
  artifactKey: Guid(3aedb9ec9ce66634fadffa35f0f06ce4) Importer(815301076,1909f56bfc062723c751e8b465ee728b)
Start importing Assets/PlayerPrefab/Bullet.prefab using Guid(3aedb9ec9ce66634fadffa35f0f06ce4) Importer(815301076,1909f56bfc062723c751e8b465ee728b) The Animator Controller (flame_bullet_1) you have used is not valid. Animations will not play
UnityEngine.StackTraceUtility:ExtractStackTrace ()
UnityEditor.EditorUtility:Internal_InstantiateRemoveAllNonAnimationComponentsSingle (UnityEngine.Object,UnityEngine.Vector3,UnityEngine.Quaternion)
UnityEditor.EditorUtility:InstantiateRemoveAllNonAnimationComponents (UnityEngine.Object,UnityEngine.Vector3,UnityEngine.Quaternion)
UnityEditor.EditorUtility:InstantiateForAnimatorPreview (UnityEngine.Object)
UnityEditor.GameObjectInspector/PreviewData:UpdateGameObject (UnityEngine.Object)
UnityEditor.GameObjectInspector/PreviewData:.ctor (UnityEngine.Object)
UnityEditor.GameObjectInspector:GetPreviewData ()
UnityEditor.GameObjectInspector:RenderStaticPreview (string,UnityEngine.Object[],int,int)
UnityEditor.AssetPreviewUpdater:CreatePreviewForAsset (UnityEngine.Object,UnityEngine.Object[],string)

[C:\buildslave\unity\build\Modules/Animation/Director/AnimatorControllerPlayable.cpp line 333]

The Animator Controller (flame_bullet_1) you have used is not valid. Animations will not play
UnityEngine.StackTraceUtility:ExtractStackTrace ()
UnityEditor.EditorUtility:InitInstantiatedPreviewRecursive (UnityEngine.GameObject)
UnityEditor.EditorUtility:InstantiateForAnimatorPreview (UnityEngine.Object)
UnityEditor.GameObjectInspector/PreviewData:UpdateGameObject (UnityEngine.Object)
UnityEditor.GameObjectInspector/PreviewData:.ctor (UnityEngine.Object)
UnityEditor.GameObjectInspector:GetPreviewData ()
UnityEditor.GameObjectInspector:RenderStaticPreview (string,UnityEngine.Object[],int,int)
UnityEditor.AssetPreviewUpdater:CreatePreviewForAsset (UnityEngine.Object,UnityEngine.Object[],string)

[C:\buildslave\unity\build\Modules/Animation/Director/AnimatorControllerPlayable.cpp line 333]

 -> (artifact id: '43c71f5bd538d03bd704a668c5d46800') in 0.038565 seconds
  Import took 0.062072 seconds .

========================================================================
Received Import Request.
  Time since last request: 35.834252 seconds.
  path: Assets/Script/PlayerScript/PlayerShooT.cs
  artifactKey: Guid(4c13d34bf30d4d646848854f879900e9) Importer(815301076,1909f56bfc062723c751e8b465ee728b)
Start importing Assets/Script/PlayerScript/PlayerShooT.cs using Guid(4c13d34bf30d4d646848854f879900e9) Importer(815301076,1909f56bfc062723c751e8b465ee728b)  -> (artifact id: 'e34ff40d0ea58bb93e25ebe5954075e7') in 0.018623 seconds
  Import took 0.033631 seconds .

========================================================================
Received Import Request.
  Time since last request: 0.010667 seconds.
  path: Assets/Script/PlayerScript/PlayerShooT.cs
  artifactKey: Guid(4c13d34bf30d4d646848854f879900e9) Importer(815301076,1909f56bfc062723c751e8b465ee728b)
Start importing Assets/Script/PlayerScript/PlayerShooT.cs using Guid(4c13d34bf30d4d646848854f879900e9) Importer(815301076,1909f56bfc062723c751e8b465ee728b)  -> (artifact id: 'e34ff40d0ea58bb93e25ebe5954075e7') in 0.004825 seconds
  Import took 0.010817 seconds .

========================================================================
Received Prepare
Registering precompiled user dll's ...
Registered in 0.001047 seconds.
Begin MonoManager ReloadAssembly
Native extension for WindowsStandalone target not found
Native extension for WebGL target not found
Refreshing native plugins compatible for Editor in 0.41 ms, found 1 plugins.
Preloading 0 native plugins for Editor in 0.00 ms.
Mono: successfully reloaded assembly
- Completed reload, in  1.110 seconds
Platform modules already initialized, skipping
Refreshing native plugins compatible for Editor in 0.41 ms, found 1 plugins.
Preloading 0 native plugins for Editor in 0.00 ms.
Unloading 1807 Unused Serialized files (Serialized files now loaded: 0)
System memory in use before: 88.4 MB.
System memory in use after: 88.4 MB.

Unloading 12 unused Assets to reduce memory usage. Loaded Objects now: 2306.
Total: 4.572400 ms (FindLiveObjects: 0.396700 ms CreateObjectMapping: 0.279800 ms MarkObjects: 3.660700 ms  DeleteObjects: 0.232200 ms)

========================================================================
Received Import Request.
  Time since last request: 1222.281687 seconds.
  path: Assets/PlayerPrefab/Player.prefab
  artifactKey: Guid(cc068b3ca91b46842be029e25933e5ce) Importer(815301076,1909f56bfc062723c751e8b465ee728b)
Start importing Assets/PlayerPrefab/Player.prefab using Guid(cc068b3ca91b46842be029e25933e5ce) Importer(815301076,1909f56bfc062723c751e8b465ee728b)  -> (artifact id: '9e57cae42665eed9b5879d0b220fba7d') in 0.227327 seconds
  Import took 0.251602 seconds .

========================================================================
Received Prepare
Registering precompiled user dll's ...
Registered in 0.001235 seconds.
Begin MonoManager ReloadAssembly
Native extension for WindowsStandalone target not found
Native extension for WebGL target not found
Refreshing native plugins compatible for Editor in 0.47 ms, found 1 plugins.
Preloading 0 native plugins for Editor in 0.00 ms.
Mono: successfully reloaded assembly
- Completed reload, in  1.208 seconds
Platform modules already initialized, skipping
Refreshing native plugins compatible for Editor in 0.44 ms, found 1 plugins.
Preloading 0 native plugins for Editor in 0.00 ms.
Unloading 1807 Unused Serialized files (Serialized files now loaded: 0)
System memory in use before: 88.4 MB.
System memory in use after: 88.4 MB.

Unloading 12 unused Assets to reduce memory usage. Loaded Objects now: 2311.
Total: 2.147000 ms (FindLiveObjects: 0.194100 ms CreateObjectMapping: 0.080600 ms MarkObjects: 1.758500 ms  DeleteObjects: 0.112700 ms)

========================================================================
Received Import Request.
  Time since last request: 21.564991 seconds.
  path: Assets/PlayerPrefab/Player.prefab
  artifactKey: Guid(cc068b3ca91b46842be029e25933e5ce) Importer(815301076,1909f56bfc062723c751e8b465ee728b)
Start importing Assets/PlayerPrefab/Player.prefab using Guid(cc068b3ca91b46842be029e25933e5ce) Importer(815301076,1909f56bfc062723c751e8b465ee728b)  -> (artifact id: 'a838df18e1c0d6b353f9ff22b6185d23') in 0.085631 seconds
  Import took 0.174465 seconds .

========================================================================
Received Import Request.
  Time since last request: 4.206210 seconds.
  path: Assets/PlayerPrefab/Player.prefab
  artifactKey: Guid(cc068b3ca91b46842be029e25933e5ce) Importer(815301076,1909f56bfc062723c751e8b465ee728b)
Start importing Assets/PlayerPrefab/Player.prefab using Guid(cc068b3ca91b46842be029e25933e5ce) Importer(815301076,1909f56bfc062723c751e8b465ee728b)  -> (artifact id: '870b9718bcb96d84c18e6909b81c0c0b') in 0.047391 seconds
  Import took 0.078434 seconds .

========================================================================
Received Import Request.
  Time since last request: 33.781929 seconds.
  path: Assets/Script/PlayerScript/FireBullet.cs
  artifactKey: Guid(cd39dc21f3e79204696efa052096ffd2) Importer(815301076,1909f56bfc062723c751e8b465ee728b)
Start importing Assets/Script/PlayerScript/FireBullet.cs using Guid(cd39dc21f3e79204696efa052096ffd2) Importer(815301076,1909f56bfc062723c751e8b465ee728b)  -> (artifact id: 'ef273da775c989a4700dc08b07d08a56') in 0.013683 seconds
  Import took 0.033041 seconds .

========================================================================
Received Prepare
Registering precompiled user dll's ...
Registered in 0.002997 seconds.
Begin MonoManager ReloadAssembly
Native extension for WindowsStandalone target not found
Native extension for WebGL target not found
Refreshing native plugins compatible for Editor in 1.15 ms, found 1 plugins.
Preloading 0 native plugins for Editor in 0.00 ms.
Mono: successfully reloaded assembly
- Completed reload, in  1.229 seconds
Platform modules already initialized, skipping
Refreshing native plugins compatible for Editor in 0.47 ms, found 1 plugins.
Preloading 0 native plugins for Editor in 0.00 ms.
Unloading 1808 Unused Serialized files (Serialized files now loaded: 0)
System memory in use before: 88.4 MB.
System memory in use after: 88.4 MB.

Unloading 12 unused Assets to reduce memory usage. Loaded Objects now: 2317.
Total: 2.993600 ms (FindLiveObjects: 0.241100 ms CreateObjectMapping: 0.076100 ms MarkObjects: 2.533000 ms  DeleteObjects: 0.142200 ms)

========================================================================
Received Prepare
Registering precompiled user dll's ...
Registered in 0.001139 seconds.
Begin MonoManager ReloadAssembly
Native extension for WindowsStandalone target not found
Native extension for WebGL target not found
Refreshing native plugins compatible for Editor in 0.41 ms, found 1 plugins.
Preloading 0 native plugins for Editor in 0.00 ms.
Mono: successfully reloaded assembly
- Completed reload, in  1.241 seconds
Platform modules already initialized, skipping
Refreshing native plugins compatible for Editor in 0.48 ms, found 1 plugins.
Preloading 0 native plugins for Editor in 0.00 ms.
Unloading 1808 Unused Serialized files (Serialized files now loaded: 0)
System memory in use before: 88.5 MB.
System memory in use after: 88.4 MB.

Unloading 12 unused Assets to reduce memory usage. Loaded Objects now: 2321.
Total: 2.811800 ms (FindLiveObjects: 0.257400 ms CreateObjectMapping: 0.075000 ms MarkObjects: 2.354900 ms  DeleteObjects: 0.123700 ms)

========================================================================
Received Import Request.
  Time since last request: 393.708182 seconds.
  path: Assets/PlayerPrefab/Player.prefab
  artifactKey: Guid(cc068b3ca91b46842be029e25933e5ce) Importer(815301076,1909f56bfc062723c751e8b465ee728b)
Start importing Assets/PlayerPrefab/Player.prefab using Guid(cc068b3ca91b46842be029e25933e5ce) Importer(815301076,1909f56bfc062723c751e8b465ee728b)  -> (artifact id: '918e44fbe7803a48b4856cc1d84d2969') in 0.076692 seconds
  Import took 0.118476 seconds .

========================================================================
Received Import Request.
  Time since last request: 4.874216 seconds.
  path: Assets/PlayerPrefab/Player.prefab
  artifactKey: Guid(cc068b3ca91b46842be029e25933e5ce) Importer(815301076,1909f56bfc062723c751e8b465ee728b)
Start importing Assets/PlayerPrefab/Player.prefab using Guid(cc068b3ca91b46842be029e25933e5ce) Importer(815301076,1909f56bfc062723c751e8b465ee728b)  -> (artifact id: '3e5aa4501fa6546e19036204820c74c2') in 0.040784 seconds
  Import took 0.061779 seconds .

========================================================================
Received Prepare
Registering precompiled user dll's ...
Registered in 0.001133 seconds.
Begin MonoManager ReloadAssembly
Native extension for WindowsStandalone target not found
Native extension for WebGL target not found
Refreshing native plugins compatible for Editor in 0.39 ms, found 1 plugins.
Preloading 0 native plugins for Editor in 0.00 ms.
Mono: successfully reloaded assembly
- Completed reload, in  1.119 seconds
Platform modules already initialized, skipping
Refreshing native plugins compatible for Editor in 0.48 ms, found 1 plugins.
Preloading 0 native plugins for Editor in 0.00 ms.
Unloading 1808 Unused Serialized files (Serialized files now loaded: 0)
System memory in use before: 88.5 MB.
System memory in use after: 88.4 MB.

Unloading 12 unused Assets to reduce memory usage. Loaded Objects now: 2326.
Total: 2.262600 ms (FindLiveObjects: 0.201000 ms CreateObjectMapping: 0.076000 ms MarkObjects: 1.863100 ms  DeleteObjects: 0.121600 ms)

========================================================================
Received Prepare
Registering precompiled user dll's ...
Registered in 0.001109 seconds.
Begin MonoManager ReloadAssembly
Native extension for WindowsStandalone target not found
Native extension for WebGL target not found
Refreshing native plugins compatible for Editor in 0.68 ms, found 1 plugins.
Preloading 0 native plugins for Editor in 0.00 ms.
Mono: successfully reloaded assembly
- Completed reload, in  1.100 seconds
Platform modules already initialized, skipping
Refreshing native plugins compatible for Editor in 0.46 ms, found 1 plugins.
Preloading 0 native plugins for Editor in 0.00 ms.
Unloading 1808 Unused Serialized files (Serialized files now loaded: 0)
System memory in use before: 88.5 MB.
System memory in use after: 88.5 MB.

Unloading 12 unused Assets to reduce memory usage. Loaded Objects now: 2330.
Total: 2.630400 ms (FindLiveObjects: 0.235900 ms CreateObjectMapping: 0.093400 ms MarkObjects: 2.168000 ms  DeleteObjects: 0.131900 ms)

========================================================================
Received Import Request.
  Time since last request: 935.043254 seconds.
  path: Assets/PlayerPrefab/Bullet.prefab
  artifactKey: Guid(3aedb9ec9ce66634fadffa35f0f06ce4) Importer(815301076,1909f56bfc062723c751e8b465ee728b)
Start importing Assets/PlayerPrefab/Bullet.prefab using Guid(3aedb9ec9ce66634fadffa35f0f06ce4) Importer(815301076,1909f56bfc062723c751e8b465ee728b) The Animator Controller (flame_bullet_1) you have used is not valid. Animations will not play
UnityEngine.StackTraceUtility:ExtractStackTrace ()
UnityEditor.EditorUtility:Internal_InstantiateRemoveAllNonAnimationComponentsSingle (UnityEngine.Object,UnityEngine.Vector3,UnityEngine.Quaternion)
UnityEditor.EditorUtility:InstantiateRemoveAllNonAnimationComponents (UnityEngine.Object,UnityEngine.Vector3,UnityEngine.Quaternion)
UnityEditor.EditorUtility:InstantiateForAnimatorPreview (UnityEngine.Object)
UnityEditor.GameObjectInspector/PreviewData:UpdateGameObject (UnityEngine.Object)
UnityEditor.GameObjectInspector/PreviewData:.ctor (UnityEngine.Object)
UnityEditor.GameObjectInspector:GetPreviewData ()
UnityEditor.GameObjectInspector:RenderStaticPreview (string,UnityEngine.Object[],int,int)
UnityEditor.AssetPreviewUpdater:CreatePreviewForAsset (UnityEngine.Object,UnityEngine.Object[],string)

[C:\buildslave\unity\build\Modules/Animation/Director/AnimatorControllerPlayable.cpp line 333]

The Animator Controller (flame_bullet_1) you have used is not valid. Animations will not play
UnityEngine.StackTraceUtility:ExtractStackTrace ()
UnityEditor.EditorUtility:InitInstantiatedPreviewRecursive (UnityEngine.GameObject)
UnityEditor.EditorUtility:InstantiateForAnimatorPreview (UnityEngine.Object)
UnityEditor.GameObjectInspector/PreviewData:UpdateGameObject (UnityEngine.Object)
UnityEditor.GameObjectInspector/PreviewData:.ctor (UnityEngine.Object)
UnityEditor.GameObjectInspector:GetPreviewData ()
UnityEditor.GameObjectInspector:RenderStaticPreview (string,UnityEngine.Object[],int,int)
UnityEditor.AssetPreviewUpdater:CreatePreviewForAsset (UnityEngine.Object,UnityEngine.Object[],string)

[C:\buildslave\unity\build\Modules/Animation/Director/AnimatorControllerPlayable.cpp line 333]

 -> (artifact id: '91250605643aa25a2d914ed815050739') in 0.094113 seconds
  Import took 0.098791 seconds .

========================================================================
Received Prepare
Registering precompiled user dll's ...
Registered in 0.001092 seconds.
Begin MonoManager ReloadAssembly
Native extension for WindowsStandalone target not found
Native extension for WebGL target not found
Refreshing native plugins compatible for Editor in 0.45 ms, found 1 plugins.
Preloading 0 native plugins for Editor in 0.00 ms.
Mono: successfully reloaded assembly
- Completed reload, in  1.184 seconds
Platform modules already initialized, skipping
Refreshing native plugins compatible for Editor in 0.39 ms, found 1 plugins.
Preloading 0 native plugins for Editor in 0.00 ms.
Unloading 1808 Unused Serialized files (Serialized files now loaded: 0)
System memory in use before: 88.5 MB.
System memory in use after: 88.5 MB.

Unloading 12 unused Assets to reduce memory usage. Loaded Objects now: 2335.
Total: 2.463600 ms (FindLiveObjects: 0.231900 ms CreateObjectMapping: 0.077300 ms MarkObjects: 2.030300 ms  DeleteObjects: 0.122900 ms)

========================================================================
Received Prepare
Registering precompiled user dll's ...
Registered in 0.001266 seconds.
Begin MonoManager ReloadAssembly
Native extension for WindowsStandalone target not found
Native extension for WebGL target not found
Refreshing native plugins compatible for Editor in 0.40 ms, found 1 plugins.
Preloading 0 native plugins for Editor in 0.00 ms.
Mono: successfully reloaded assembly
- Completed reload, in  1.089 seconds
Platform modules already initialized, skipping
Refreshing native plugins compatible for Editor in 0.42 ms, found 1 plugins.
Preloading 0 native plugins for Editor in 0.00 ms.
Unloading 1808 Unused Serialized files (Serialized files now loaded: 0)
System memory in use before: 88.5 MB.
System memory in use after: 88.5 MB.

Unloading 12 unused Assets to reduce memory usage. Loaded Objects now: 2339.
Total: 2.907600 ms (FindLiveObjects: 0.286200 ms CreateObjectMapping: 0.086500 ms MarkObjects: 2.375900 ms  DeleteObjects: 0.157300 ms)

========================================================================
Received Prepare
Registering precompiled user dll's ...
Registered in 0.001114 seconds.
Begin MonoManager ReloadAssembly
Native extension for WindowsStandalone target not found
Native extension for WebGL target not found
Refreshing native plugins compatible for Editor in 0.41 ms, found 1 plugins.
Preloading 0 native plugins for Editor in 0.00 ms.
Mono: successfully reloaded assembly
- Completed reload, in  1.129 seconds
Platform modules already initialized, skipping
Refreshing native plugins compatible for Editor in 0.43 ms, found 1 plugins.
Preloading 0 native plugins for Editor in 0.00 ms.
Unloading 1808 Unused Serialized files (Serialized files now loaded: 0)
System memory in use before: 88.5 MB.
System memory in use after: 88.5 MB.

Unloading 12 unused Assets to reduce memory usage. Loaded Objects now: 2343.
Total: 2.568800 ms (FindLiveObjects: 0.187800 ms CreateObjectMapping: 0.074000 ms MarkObjects: 2.182700 ms  DeleteObjects: 0.123200 ms)

========================================================================
Received Prepare
Registering precompiled user dll's ...
Registered in 0.001096 seconds.
Begin MonoManager ReloadAssembly
Native extension for WindowsStandalone target not found
Native extension for WebGL target not found
Refreshing native plugins compatible for Editor in 0.51 ms, found 1 plugins.
Preloading 0 native plugins for Editor in 0.00 ms.
Mono: successfully reloaded assembly
- Completed reload, in  1.093 seconds
Platform modules already initialized, skipping
Refreshing native plugins compatible for Editor in 1.10 ms, found 1 plugins.
Preloading 0 native plugins for Editor in 0.00 ms.
Unloading 1808 Unused Serialized files (Serialized files now loaded: 0)
System memory in use before: 88.5 MB.
System memory in use after: 88.5 MB.

Unloading 12 unused Assets to reduce memory usage. Loaded Objects now: 2347.
Total: 3.094100 ms (FindLiveObjects: 0.357300 ms CreateObjectMapping: 0.088800 ms MarkObjects: 2.490600 ms  DeleteObjects: 0.155300 ms)

========================================================================
Received Prepare
Registering precompiled user dll's ...
Registered in 0.001103 seconds.
Begin MonoManager ReloadAssembly
Native extension for WindowsStandalone target not found
Native extension for WebGL target not found
Refreshing native plugins compatible for Editor in 0.39 ms, found 1 plugins.
Preloading 0 native plugins for Editor in 0.00 ms.
Mono: successfully reloaded assembly
- Completed reload, in  1.087 seconds
Platform modules already initialized, skipping
Refreshing native plugins compatible for Editor in 0.46 ms, found 1 plugins.
Preloading 0 native plugins for Editor in 0.00 ms.
Unloading 1808 Unused Serialized files (Serialized files now loaded: 0)
System memory in use before: 88.5 MB.
System memory in use after: 88.5 MB.

Unloading 12 unused Assets to reduce memory usage. Loaded Objects now: 2351.
Total: 2.455400 ms (FindLiveObjects: 0.261200 ms CreateObjectMapping: 0.074700 ms MarkObjects: 1.991500 ms  DeleteObjects: 0.126900 ms)

========================================================================
Received Prepare
Registering precompiled user dll's ...
Registered in 0.001081 seconds.
Begin MonoManager ReloadAssembly
Native extension for WindowsStandalone target not found
Native extension for WebGL target not found
Refreshing native plugins compatible for Editor in 0.39 ms, found 1 plugins.
Preloading 0 native plugins for Editor in 0.00 ms.
Mono: successfully reloaded assembly
- Completed reload, in  1.092 seconds
Platform modules already initialized, skipping
Refreshing native plugins compatible for Editor in 0.45 ms, found 1 plugins.
Preloading 0 native plugins for Editor in 0.00 ms.
Unloading 1808 Unused Serialized files (Serialized files now loaded: 0)
System memory in use before: 88.5 MB.
System memory in use after: 88.5 MB.

Unloading 12 unused Assets to reduce memory usage. Loaded Objects now: 2355.
Total: 4.176300 ms (FindLiveObjects: 0.186800 ms CreateObjectMapping: 0.075500 ms MarkObjects: 3.671700 ms  DeleteObjects: 0.240700 ms)

========================================================================
Received Import Request.
  Time since last request: 11533.589342 seconds.
  path: Assets/Sprites/Enemies/bird.png
  artifactKey: Guid(6c5cfebd1ba094011bbff2c92a05d8e8) Importer(815301076,1909f56bfc062723c751e8b465ee728b)
Start importing Assets/Sprites/Enemies/bird.png using Guid(6c5cfebd1ba094011bbff2c92a05d8e8) Importer(815301076,1909f56bfc062723c751e8b465ee728b)  -> (artifact id: 'b4f26ee3ccde684ec8abe3e1e4f691cd') in 0.989138 seconds
  Import took 1.077810 seconds .

========================================================================
Received Import Request.
  Time since last request: 0.002170 seconds.
  path: Assets/Sprites/Enemies/bird.png
  artifactKey: Guid(6c5cfebd1ba094011bbff2c92a05d8e8) Importer(815301076,1909f56bfc062723c751e8b465ee728b)
Start importing Assets/Sprites/Enemies/bird.png using Guid(6c5cfebd1ba094011bbff2c92a05d8e8) Importer(815301076,1909f56bfc062723c751e8b465ee728b)  -> (artifact id: 'b4f26ee3ccde684ec8abe3e1e4f691cd') in 0.155505 seconds
  Import took 0.159118 seconds .

========================================================================
Received Import Request.
  Time since last request: 581.493374 seconds.
  path: Assets/Script/EnemyScript/BirdScript.cs
  artifactKey: Guid(0144cd96974414447abf9549dd2abe6a) Importer(815301076,1909f56bfc062723c751e8b465ee728b)
Start importing Assets/Script/EnemyScript/BirdScript.cs using Guid(0144cd96974414447abf9549dd2abe6a) Importer(815301076,1909f56bfc062723c751e8b465ee728b)  -> (artifact id: 'bf2c9a80feb7bab4199c48d796781332') in 0.052889 seconds
  Import took 0.096458 seconds .

========================================================================
Received Prepare
Registering precompiled user dll's ...
Registered in 0.001101 seconds.
Begin MonoManager ReloadAssembly
Native extension for WindowsStandalone target not found
Native extension for WebGL target not found
Refreshing native plugins compatible for Editor in 0.50 ms, found 1 plugins.
Preloading 0 native plugins for Editor in 0.00 ms.
Mono: successfully reloaded assembly
- Completed reload, in  1.459 seconds
Platform modules already initialized, skipping
Refreshing native plugins compatible for Editor in 1.36 ms, found 1 plugins.
Preloading 0 native plugins for Editor in 0.00 ms.
Unloading 1809 Unused Serialized files (Serialized files now loaded: 0)
System memory in use before: 88.6 MB.
System memory in use after: 88.6 MB.

Unloading 12 unused Assets to reduce memory usage. Loaded Objects now: 2380.
Total: 4.858400 ms (FindLiveObjects: 0.368000 ms CreateObjectMapping: 0.164300 ms MarkObjects: 4.084500 ms  DeleteObjects: 0.239100 ms)

========================================================================
Received Prepare
Registering precompiled user dll's ...
Registered in 0.001087 seconds.
Begin MonoManager ReloadAssembly
Native extension for WindowsStandalone target not found
Native extension for WebGL target not found
Refreshing native plugins compatible for Editor in 0.41 ms, found 1 plugins.
Preloading 0 native plugins for Editor in 0.00 ms.
Mono: successfully reloaded assembly
- Completed reload, in  1.151 seconds
Platform modules already initialized, skipping
Refreshing native plugins compatible for Editor in 1.25 ms, found 1 plugins.
Preloading 0 native plugins for Editor in 0.00 ms.
Unloading 1809 Unused Serialized files (Serialized files now loaded: 0)
System memory in use before: 88.6 MB.
System memory in use after: 88.6 MB.

Unloading 12 unused Assets to reduce memory usage. Loaded Objects now: 2384.
Total: 3.487900 ms (FindLiveObjects: 0.397900 ms CreateObjectMapping: 0.119900 ms MarkObjects: 2.768800 ms  DeleteObjects: 0.198400 ms)

========================================================================
Received Prepare
Registering precompiled user dll's ...
Registered in 0.001090 seconds.
Begin MonoManager ReloadAssembly
Native extension for WindowsStandalone target not found
Native extension for WebGL target not found
Refreshing native plugins compatible for Editor in 0.40 ms, found 1 plugins.
Preloading 0 native plugins for Editor in 0.00 ms.
Mono: successfully reloaded assembly
- Completed reload, in  1.328 seconds
Platform modules already initialized, skipping
Refreshing native plugins compatible for Editor in 0.47 ms, found 1 plugins.
Preloading 0 native plugins for Editor in 0.00 ms.
Unloading 1809 Unused Serialized files (Serialized files now loaded: 0)
System memory in use before: 88.6 MB.
System memory in use after: 88.6 MB.

Unloading 12 unused Assets to reduce memory usage. Loaded Objects now: 2388.
Total: 2.535200 ms (FindLiveObjects: 0.243900 ms CreateObjectMapping: 0.074900 ms MarkObjects: 2.076900 ms  DeleteObjects: 0.138000 ms)

========================================================================
Received Prepare
Registering precompiled user dll's ...
Registered in 0.001103 seconds.
Begin MonoManager ReloadAssembly
Native extension for WindowsStandalone target not found
Native extension for WebGL target not found
Refreshing native plugins compatible for Editor in 0.48 ms, found 1 plugins.
Preloading 0 native plugins for Editor in 0.00 ms.
Mono: successfully reloaded assembly
- Completed reload, in  1.237 seconds
Platform modules already initialized, skipping
Refreshing native plugins compatible for Editor in 0.45 ms, found 1 plugins.
Preloading 0 native plugins for Editor in 0.00 ms.
Unloading 1809 Unused Serialized files (Serialized files now loaded: 0)
System memory in use before: 88.6 MB.
System memory in use after: 88.6 MB.

Unloading 12 unused Assets to reduce memory usage. Loaded Objects now: 2392.
Total: 2.358300 ms (FindLiveObjects: 0.186400 ms CreateObjectMapping: 0.072700 ms MarkObjects: 1.953500 ms  DeleteObjects: 0.144600 ms)

========================================================================
Received Prepare
Registering precompiled user dll's ...
Registered in 0.001334 seconds.
Begin MonoManager ReloadAssembly
Native extension for WindowsStandalone target not found
Native extension for WebGL target not found
Refreshing native plugins compatible for Editor in 0.39 ms, found 1 plugins.
Preloading 0 native plugins for Editor in 0.00 ms.
Mono: successfully reloaded assembly
- Completed reload, in  1.113 seconds
Platform modules already initialized, skipping
Refreshing native plugins compatible for Editor in 0.50 ms, found 1 plugins.
Preloading 0 native plugins for Editor in 0.00 ms.
Unloading 1809 Unused Serialized files (Serialized files now loaded: 0)
System memory in use before: 88.6 MB.
System memory in use after: 88.6 MB.

Unloading 12 unused Assets to reduce memory usage. Loaded Objects now: 2396.
Total: 2.845700 ms (FindLiveObjects: 0.248800 ms CreateObjectMapping: 0.099000 ms MarkObjects: 2.347000 ms  DeleteObjects: 0.149700 ms)

========================================================================
Received Prepare
Registering precompiled user dll's ...
Registered in 0.001089 seconds.
Begin MonoManager ReloadAssembly
Native extension for WindowsStandalone target not found
Native extension for WebGL target not found
Refreshing native plugins compatible for Editor in 0.38 ms, found 1 plugins.
Preloading 0 native plugins for Editor in 0.00 ms.
Mono: successfully reloaded assembly
- Completed reload, in  1.301 seconds
Platform modules already initialized, skipping
Refreshing native plugins compatible for Editor in 0.67 ms, found 1 plugins.
Preloading 0 native plugins for Editor in 0.00 ms.
Unloading 1809 Unused Serialized files (Serialized files now loaded: 0)
System memory in use before: 88.6 MB.
System memory in use after: 88.6 MB.

Unloading 12 unused Assets to reduce memory usage. Loaded Objects now: 2400.
Total: 2.562300 ms (FindLiveObjects: 0.292200 ms CreateObjectMapping: 0.081300 ms MarkObjects: 2.053900 ms  DeleteObjects: 0.133700 ms)

========================================================================
Received Prepare
Registering precompiled user dll's ...
Registered in 0.001140 seconds.
Begin MonoManager ReloadAssembly
Native extension for WindowsStandalone target not found
Native extension for WebGL target not found
Refreshing native plugins compatible for Editor in 0.44 ms, found 1 plugins.
Preloading 0 native plugins for Editor in 0.00 ms.
Mono: successfully reloaded assembly
- Completed reload, in  1.443 seconds
Platform modules already initialized, skipping
Refreshing native plugins compatible for Editor in 1.50 ms, found 1 plugins.
Preloading 0 native plugins for Editor in 0.00 ms.
Unloading 1809 Unused Serialized files (Serialized files now loaded: 0)
System memory in use before: 88.6 MB.
System memory in use after: 88.6 MB.

Unloading 12 unused Assets to reduce memory usage. Loaded Objects now: 2404.
Total: 5.241700 ms (FindLiveObjects: 0.433400 ms CreateObjectMapping: 0.080800 ms MarkObjects: 4.560100 ms  DeleteObjects: 0.140600 ms)

========================================================================
Received Prepare
Registering precompiled user dll's ...
Registered in 0.001164 seconds.
Begin MonoManager ReloadAssembly
Native extension for WindowsStandalone target not found
Native extension for WebGL target not found
Refreshing native plugins compatible for Editor in 0.73 ms, found 1 plugins.
Preloading 0 native plugins for Editor in 0.00 ms.
Mono: successfully reloaded assembly
- Completed reload, in  1.248 seconds
Platform modules already initialized, skipping
Refreshing native plugins compatible for Editor in 0.42 ms, found 1 plugins.
Preloading 0 native plugins for Editor in 0.00 ms.
Unloading 1809 Unused Serialized files (Serialized files now loaded: 0)
System memory in use before: 88.7 MB.
System memory in use after: 88.6 MB.

Unloading 12 unused Assets to reduce memory usage. Loaded Objects now: 2408.
Total: 2.641900 ms (FindLiveObjects: 0.310900 ms CreateObjectMapping: 0.084500 ms MarkObjects: 2.086000 ms  DeleteObjects: 0.159000 ms)

========================================================================
Received Prepare
Registering precompiled user dll's ...
Registered in 0.001135 seconds.
Begin MonoManager ReloadAssembly
Native extension for WindowsStandalone target not found
Native extension for WebGL target not found
Refreshing native plugins compatible for Editor in 0.41 ms, found 1 plugins.
Preloading 0 native plugins for Editor in 0.00 ms.
Mono: successfully reloaded assembly
- Completed reload, in  1.206 seconds
Platform modules already initialized, skipping
Refreshing native plugins compatible for Editor in 0.71 ms, found 1 plugins.
Preloading 0 native plugins for Editor in 0.00 ms.
Unloading 1809 Unused Serialized files (Serialized files now loaded: 0)
System memory in use before: 88.7 MB.
System memory in use after: 88.6 MB.

Unloading 12 unused Assets to reduce memory usage. Loaded Objects now: 2412.
Total: 3.506000 ms (FindLiveObjects: 0.263200 ms CreateObjectMapping: 0.125200 ms MarkObjects: 2.937600 ms  DeleteObjects: 0.178700 ms)

========================================================================
Received Import Request.
  Time since last request: 1548.107078 seconds.
  path: Assets/Sprites/Enemies/egg.png
  artifactKey: Guid(1e413a0c6e25e4399bb9ca5eb35c7fa8) Importer(815301076,1909f56bfc062723c751e8b465ee728b)
Start importing Assets/Sprites/Enemies/egg.png using Guid(1e413a0c6e25e4399bb9ca5eb35c7fa8) Importer(815301076,1909f56bfc062723c751e8b465ee728b)  -> (artifact id: 'b00f058231648c980d999fb68b686bf0') in 0.127024 seconds
  Import took 0.149092 seconds .

========================================================================
Received Import Request.
  Time since last request: 4.418571 seconds.
  path: Assets/Sprites/Enemies/egg.png
  artifactKey: Guid(1e413a0c6e25e4399bb9ca5eb35c7fa8) Importer(815301076,1909f56bfc062723c751e8b465ee728b)
Start importing Assets/Sprites/Enemies/egg.png using Guid(1e413a0c6e25e4399bb9ca5eb35c7fa8) Importer(815301076,1909f56bfc062723c751e8b465ee728b)  -> (artifact id: '4defd727d992a0c8f1dfdc7dee2a2a4d') in 0.045358 seconds
  Import took 0.082179 seconds .

========================================================================
Received Import Request.
  Time since last request: 51.636811 seconds.
  path: Assets/Script/EnemyScript/EggScript.cs
  artifactKey: Guid(c1d1b45deef5c30428a550bc068d977b) Importer(815301076,1909f56bfc062723c751e8b465ee728b)
Start importing Assets/Script/EnemyScript/EggScript.cs using Guid(c1d1b45deef5c30428a550bc068d977b) Importer(815301076,1909f56bfc062723c751e8b465ee728b)  -> (artifact id: 'cc10af22eca3d31bcf922c7f6055bbc8') in 0.032271 seconds
  Import took 0.048912 seconds .

========================================================================
Received Prepare
Registering precompiled user dll's ...
Registered in 0.001316 seconds.
Begin MonoManager ReloadAssembly
Native extension for WindowsStandalone target not found
Native extension for WebGL target not found
Refreshing native plugins compatible for Editor in 0.39 ms, found 1 plugins.
Preloading 0 native plugins for Editor in 0.00 ms.
Mono: successfully reloaded assembly
- Completed reload, in  1.093 seconds
Platform modules already initialized, skipping
Refreshing native plugins compatible for Editor in 0.41 ms, found 1 plugins.
Preloading 0 native plugins for Editor in 0.00 ms.
Unloading 1810 Unused Serialized files (Serialized files now loaded: 0)
System memory in use before: 88.7 MB.
System memory in use after: 88.7 MB.

Unloading 12 unused Assets to reduce memory usage. Loaded Objects now: 2421.
Total: 2.354200 ms (FindLiveObjects: 0.231200 ms CreateObjectMapping: 0.078600 ms MarkObjects: 1.882100 ms  DeleteObjects: 0.161200 ms)

========================================================================
Received Import Request.
  Time since last request: 56.159989 seconds.
  path: Assets/PlayerPrefab/bird.prefab
  artifactKey: Guid(d9ac2c68e468484499687bfe05df4f37) Importer(815301076,1909f56bfc062723c751e8b465ee728b)
Start importing Assets/PlayerPrefab/bird.prefab using Guid(d9ac2c68e468484499687bfe05df4f37) Importer(815301076,1909f56bfc062723c751e8b465ee728b) The Animator Controller (bird_4) you have used is not valid. Animations will not play
UnityEngine.StackTraceUtility:ExtractStackTrace ()
UnityEditor.EditorUtility:Internal_InstantiateRemoveAllNonAnimationComponentsSingle (UnityEngine.Object,UnityEngine.Vector3,UnityEngine.Quaternion)
UnityEditor.EditorUtility:InstantiateRemoveAllNonAnimationComponents (UnityEngine.Object,UnityEngine.Vector3,UnityEngine.Quaternion)
UnityEditor.EditorUtility:InstantiateForAnimatorPreview (UnityEngine.Object)
UnityEditor.GameObjectInspector/PreviewData:UpdateGameObject (UnityEngine.Object)
UnityEditor.GameObjectInspector/PreviewData:.ctor (UnityEngine.Object)
UnityEditor.GameObjectInspector:GetPreviewData ()
UnityEditor.GameObjectInspector:RenderStaticPreview (string,UnityEngine.Object[],int,int)
UnityEditor.AssetPreviewUpdater:CreatePreviewForAsset (UnityEngine.Object,UnityEngine.Object[],string)

[C:\buildslave\unity\build\Modules/Animation/Director/AnimatorControllerPlayable.cpp line 333]

The Animator Controller (bird_4) you have used is not valid. Animations will not play
UnityEngine.StackTraceUtility:ExtractStackTrace ()
UnityEditor.EditorUtility:InitInstantiatedPreviewRecursive (UnityEngine.GameObject)
UnityEditor.EditorUtility:InstantiateForAnimatorPreview (UnityEngine.Object)
UnityEditor.GameObjectInspector/PreviewData:UpdateGameObject (UnityEngine.Object)
UnityEditor.GameObjectInspector/PreviewData:.ctor (UnityEngine.Object)
UnityEditor.GameObjectInspector:GetPreviewData ()
UnityEditor.GameObjectInspector:RenderStaticPreview (string,UnityEngine.Object[],int,int)
UnityEditor.AssetPreviewUpdater:CreatePreviewForAsset (UnityEngine.Object,UnityEngine.Object[],string)

[C:\buildslave\unity\build\Modules/Animation/Director/AnimatorControllerPlayable.cpp line 333]

 -> (artifact id: '1f3599e3f5d14ec89467852bba97b836') in 0.282777 seconds
  Import took 0.306830 seconds .

========================================================================
Received Import Request.
  Time since last request: 5.465344 seconds.
  path: Assets/PlayerPrefab/snail.prefab
  artifactKey: Guid(3315f8d2bca969144813326f244db88c) Importer(815301076,1909f56bfc062723c751e8b465ee728b)
Start importing Assets/PlayerPrefab/snail.prefab using Guid(3315f8d2bca969144813326f244db88c) Importer(815301076,1909f56bfc062723c751e8b465ee728b)  -> (artifact id: '12b0507edeca38c1bac7450765b03afe') in 0.174958 seconds
  Import took 0.179520 seconds .

========================================================================
Received Import Request.
  Time since last request: 0.014686 seconds.
  path: Assets/PlayerPrefab/snail.prefab
  artifactKey: Guid(3315f8d2bca969144813326f244db88c) Importer(815301076,1909f56bfc062723c751e8b465ee728b)
Start importing Assets/PlayerPrefab/snail.prefab using Guid(3315f8d2bca969144813326f244db88c) Importer(815301076,1909f56bfc062723c751e8b465ee728b)  -> (artifact id: '12b0507edeca38c1bac7450765b03afe') in 0.050060 seconds
  Import took 0.054955 seconds .

========================================================================
Received Import Request.
  Time since last request: 8.481013 seconds.
  path: Assets/PlayerPrefab/Beetle.prefab
  artifactKey: Guid(64e449fe15db69a4893f03d2423f1d8d) Importer(815301076,1909f56bfc062723c751e8b465ee728b)
Start importing Assets/PlayerPrefab/Beetle.prefab using Guid(64e449fe15db69a4893f03d2423f1d8d) Importer(815301076,1909f56bfc062723c751e8b465ee728b) The Animator Controller (beetle_0) you have used is not valid. Animations will not play
UnityEngine.StackTraceUtility:ExtractStackTrace ()
UnityEditor.EditorUtility:Internal_InstantiateRemoveAllNonAnimationComponentsSingle (UnityEngine.Object,UnityEngine.Vector3,UnityEngine.Quaternion)
UnityEditor.EditorUtility:InstantiateRemoveAllNonAnimationComponents (UnityEngine.Object,UnityEngine.Vector3,UnityEngine.Quaternion)
UnityEditor.EditorUtility:InstantiateForAnimatorPreview (UnityEngine.Object)
UnityEditor.GameObjectInspector/PreviewData:UpdateGameObject (UnityEngine.Object)
UnityEditor.GameObjectInspector/PreviewData:.ctor (UnityEngine.Object)
UnityEditor.GameObjectInspector:GetPreviewData ()
UnityEditor.GameObjectInspector:RenderStaticPreview (string,UnityEngine.Object[],int,int)
UnityEditor.AssetPreviewUpdater:CreatePreviewForAsset (UnityEngine.Object,UnityEngine.Object[],string)

[C:\buildslave\unity\build\Modules/Animation/Director/AnimatorControllerPlayable.cpp line 333]

The Animator Controller (beetle_0) you have used is not valid. Animations will not play
UnityEngine.StackTraceUtility:ExtractStackTrace ()
UnityEditor.EditorUtility:InitInstantiatedPreviewRecursive (UnityEngine.GameObject)
UnityEditor.EditorUtility:InstantiateForAnimatorPreview (UnityEngine.Object)
UnityEditor.GameObjectInspector/PreviewData:UpdateGameObject (UnityEngine.Object)
UnityEditor.GameObjectInspector/PreviewData:.ctor (UnityEngine.Object)
UnityEditor.GameObjectInspector:GetPreviewData ()
UnityEditor.GameObjectInspector:RenderStaticPreview (string,UnityEngine.Object[],int,int)
UnityEditor.AssetPreviewUpdater:CreatePreviewForAsset (UnityEngine.Object,UnityEngine.Object[],string)

[C:\buildslave\unity\build\Modules/Animation/Director/AnimatorControllerPlayable.cpp line 333]

 -> (artifact id: '0d3538cc21ff1aa82c2c4e1b3355ec56') in 0.120864 seconds
  Import took 0.142242 seconds .

========================================================================
Received Import Request.
  Time since last request: 38.701065 seconds.
  path: Assets/Prefabs
  artifactKey: Guid(eb9481a65493686448607907e4249006) Importer(815301076,1909f56bfc062723c751e8b465ee728b)
Start importing Assets/Prefabs using Guid(eb9481a65493686448607907e4249006) Importer(815301076,1909f56bfc062723c751e8b465ee728b)  -> (artifact id: '13dc0135c4ab7e1192b70feed8ad333c') in 0.008384 seconds
  Import took 0.013376 seconds .

========================================================================
Received Import Request.
  Time since last request: 11.713996 seconds.
  path: Assets/Prefabs/EnemtPrefab
  artifactKey: Guid(270b4e74944ed6840b926056e9338be3) Importer(815301076,1909f56bfc062723c751e8b465ee728b)
Start importing Assets/Prefabs/EnemtPrefab using Guid(270b4e74944ed6840b926056e9338be3) Importer(815301076,1909f56bfc062723c751e8b465ee728b)  -> (artifact id: '4d854b1603a7c8cad96562bc698c0892') in 0.009651 seconds
  Import took 0.013517 seconds .

========================================================================
Received Import Request.
  Time since last request: 15.263395 seconds.
  path: Assets/Prefabs/EnemtPrefab/egg.prefab
  artifactKey: Guid(4c06c2a34feabb24d8fa512ed7ff2459) Importer(815301076,1909f56bfc062723c751e8b465ee728b)
Start importing Assets/Prefabs/EnemtPrefab/egg.prefab using Guid(4c06c2a34feabb24d8fa512ed7ff2459) Importer(815301076,1909f56bfc062723c751e8b465ee728b)  -> (artifact id: '3568eec0f3f6d15f3718a8578344dbdf') in 0.081773 seconds
  Import took 0.101402 seconds .

========================================================================
Received Prepare
Registering precompiled user dll's ...
Registered in 0.001195 seconds.
Begin MonoManager ReloadAssembly
Native extension for WindowsStandalone target not found
Native extension for WebGL target not found
Refreshing native plugins compatible for Editor in 0.44 ms, found 1 plugins.
Preloading 0 native plugins for Editor in 0.00 ms.
Mono: successfully reloaded assembly
- Completed reload, in  1.121 seconds
Platform modules already initialized, skipping
Refreshing native plugins compatible for Editor in 1.21 ms, found 1 plugins.
Preloading 0 native plugins for Editor in 0.00 ms.
Unloading 1810 Unused Serialized files (Serialized files now loaded: 0)
System memory in use before: 88.7 MB.
System memory in use after: 88.7 MB.

Unloading 12 unused Assets to reduce memory usage. Loaded Objects now: 2426.
Total: 7.047600 ms (FindLiveObjects: 0.711500 ms CreateObjectMapping: 0.291200 ms MarkObjects: 5.663400 ms  DeleteObjects: 0.378000 ms)

========================================================================
Received Prepare
Registering precompiled user dll's ...
Registered in 0.001311 seconds.
Begin MonoManager ReloadAssembly
Native extension for WindowsStandalone target not found
Native extension for WebGL target not found
Refreshing native plugins compatible for Editor in 0.40 ms, found 1 plugins.
Preloading 0 native plugins for Editor in 0.00 ms.
Mono: successfully reloaded assembly
- Completed reload, in  1.271 seconds
Platform modules already initialized, skipping
Refreshing native plugins compatible for Editor in 0.47 ms, found 1 plugins.
Preloading 0 native plugins for Editor in 0.00 ms.
Unloading 1810 Unused Serialized files (Serialized files now loaded: 0)
System memory in use before: 88.7 MB.
System memory in use after: 88.7 MB.

Unloading 12 unused Assets to reduce memory usage. Loaded Objects now: 2430.
Total: 4.306200 ms (FindLiveObjects: 0.714200 ms CreateObjectMapping: 0.142900 ms MarkObjects: 3.292600 ms  DeleteObjects: 0.155400 ms)

========================================================================
Received Import Request.
  Time since last request: 561.282140 seconds.
  path: Assets/Prefabs/EnemtPrefab/egg.prefab
  artifactKey: Guid(4c06c2a34feabb24d8fa512ed7ff2459) Importer(815301076,1909f56bfc062723c751e8b465ee728b)
Start importing Assets/Prefabs/EnemtPrefab/egg.prefab using Guid(4c06c2a34feabb24d8fa512ed7ff2459) Importer(815301076,1909f56bfc062723c751e8b465ee728b)  -> (artifact id: 'b7212971ac737c43d121b26a518eccd0') in 0.112867 seconds
  Import took 0.136624 seconds .

========================================================================
Received Import Request.
  Time since last request: 12.922828 seconds.
  path: Assets/Prefabs/EnemtPrefab/egg.prefab
  artifactKey: Guid(4c06c2a34feabb24d8fa512ed7ff2459) Importer(815301076,1909f56bfc062723c751e8b465ee728b)
Start importing Assets/Prefabs/EnemtPrefab/egg.prefab using Guid(4c06c2a34feabb24d8fa512ed7ff2459) Importer(815301076,1909f56bfc062723c751e8b465ee728b)  -> (artifact id: 'c023dc2412c21f05fdb932185ad77ae8') in 0.014754 seconds
  Import took 0.019773 seconds .

========================================================================
Received Import Request.
  Time since last request: 0.013023 seconds.
  path: Assets/Prefabs/EnemtPrefab/egg.prefab
  artifactKey: Guid(4c06c2a34feabb24d8fa512ed7ff2459) Importer(815301076,1909f56bfc062723c751e8b465ee728b)
Start importing Assets/Prefabs/EnemtPrefab/egg.prefab using Guid(4c06c2a34feabb24d8fa512ed7ff2459) Importer(815301076,1909f56bfc062723c751e8b465ee728b)  -> (artifact id: 'c023dc2412c21f05fdb932185ad77ae8') in 0.040988 seconds
  Import took 0.045542 seconds .

========================================================================
Received Prepare
Registering precompiled user dll's ...
Registered in 0.001162 seconds.
Begin MonoManager ReloadAssembly
Native extension for WindowsStandalone target not found
Native extension for WebGL target not found
Refreshing native plugins compatible for Editor in 0.38 ms, found 1 plugins.
Preloading 0 native plugins for Editor in 0.00 ms.
Mono: successfully reloaded assembly
- Completed reload, in  1.234 seconds
Platform modules already initialized, skipping
Refreshing native plugins compatible for Editor in 0.46 ms, found 1 plugins.
Preloading 0 native plugins for Editor in 0.00 ms.
Unloading 1810 Unused Serialized files (Serialized files now loaded: 0)
System memory in use before: 88.7 MB.
System memory in use after: 88.7 MB.

Unloading 12 unused Assets to reduce memory usage. Loaded Objects now: 2435.
Total: 2.301200 ms (FindLiveObjects: 0.207300 ms CreateObjectMapping: 0.072300 ms MarkObjects: 1.890700 ms  DeleteObjects: 0.129600 ms)

========================================================================
Received Prepare
Registering precompiled user dll's ...
Registered in 0.001072 seconds.
Begin MonoManager ReloadAssembly
Native extension for WindowsStandalone target not found
Native extension for WebGL target not found
Refreshing native plugins compatible for Editor in 0.41 ms, found 1 plugins.
Preloading 0 native plugins for Editor in 0.00 ms.
Mono: successfully reloaded assembly
- Completed reload, in  1.259 seconds
Platform modules already initialized, skipping
Refreshing native plugins compatible for Editor in 0.47 ms, found 1 plugins.
Preloading 0 native plugins for Editor in 0.00 ms.
Unloading 1810 Unused Serialized files (Serialized files now loaded: 0)
System memory in use before: 88.7 MB.
System memory in use after: 88.7 MB.

Unloading 12 unused Assets to reduce memory usage. Loaded Objects now: 2439.
Total: 2.278400 ms (FindLiveObjects: 0.199000 ms CreateObjectMapping: 0.074800 ms MarkObjects: 1.858500 ms  DeleteObjects: 0.144900 ms)

